<?xml version="1.0" encoding="UTF-8"?>
<TestRun id="f2016173-23da-4776-b537-43fb8e7d8d48" name="Admin@MICROSOF-FBFB62 2012-01-25 20:30:12" runUser="MICROSOF-FBFB62\Admin" xmlns="http://microsoft.com/schemas/VisualStudio/TeamTest/2010">
  <TestSettings name="Локальные" id="1f122128-7965-4302-8e5d-f2e67f80cfd9">
    <Description>Это - параметры по умолчанию для локального тестового запуска.</Description>
    <Deployment userDeploymentRoot="C:\Documents and Settings\Admin\мои документы\visual studio 2010\Projects\ConsoleApplication1\TestResults" useDefaultDeploymentRoot="false" enabled="false" runDeploymentRoot="Admin_MICROSOF-FBFB62 2012-01-25 20_30_12">
      <DeploymentItem filename="C:\Documents and Settings\Admin\мои документы\visual studio 2010\Projects\ConsoleApplication1\ConsoleApplication2\bin\Debug\ConsoleApplication2.exe" />
    </Deployment>
    <Execution>
      <TestTypeSpecific />
      <AgentRule name="Execution Agents">
      </AgentRule>
    </Execution>
  </TestSettings>
  <Times creation="2012-01-25T20:30:12.3750000+02:00" queuing="2012-01-25T20:30:14.1406250+02:00" start="2012-01-25T20:30:14.2968750+02:00" finish="2012-01-25T20:30:17.6093750+02:00" />
  <ResultSummary outcome="Failed">
    <Counters total="1" executed="1" error="0" failed="1" timeout="0" aborted="0" inconclusive="0" passedButRunAborted="0" notRunnable="0" notExecuted="0" disconnected="0" warning="0" passed="0" completed="0" inProgress="0" pending="0" />
  </ResultSummary>
  <TestDefinitions>
    <UnitTest name="GenerateTest" storage="c:\documents and settings\admin\мои документы\visual studio 2010\projects\consoleapplication1\randomcharstest\bin\debug\randomcharstest.dll" id="5bc65ee8-992f-0b52-1108-b61d699d6221">
      <Execution id="7d01487b-45e0-4d2e-84ce-3eb4ecd4ecf4" />
      <TestMethod codeBase="C:/Documents and Settings/Admin/мои документы/visual studio 2010/Projects/ConsoleApplication1/RandomCharsTest/bin/Debug/RandomCharsTest.DLL" adapterTypeName="Microsoft.VisualStudio.TestTools.TestTypes.Unit.UnitTestAdapter, Microsoft.VisualStudio.QualityTools.Tips.UnitTest.Adapter, Version=10.0.0.0, Culture=neutral, PublicKeyToken=b03f5f7f11d50a3a" className="RandomCharsTest.RandomCharsTest, RandomCharsTest, Version=1.0.0.0, Culture=neutral, PublicKeyToken=null" name="GenerateTest" />
    </UnitTest>
  </TestDefinitions>
  <TestLists>
    <TestList name="Отсутствующие в списке результаты" id="8c84fa94-04c1-424b-9868-57a2d4851a1d" />
    <TestList name="Все загруженные результаты" id="19431567-8539-422a-85d7-44ee4e166bda" />
  </TestLists>
  <TestEntries>
    <TestEntry testId="5bc65ee8-992f-0b52-1108-b61d699d6221" executionId="7d01487b-45e0-4d2e-84ce-3eb4ecd4ecf4" testListId="8c84fa94-04c1-424b-9868-57a2d4851a1d" />
  </TestEntries>
  <Results>
    <UnitTestResult executionId="7d01487b-45e0-4d2e-84ce-3eb4ecd4ecf4" testId="5bc65ee8-992f-0b52-1108-b61d699d6221" testName="GenerateTest" computerName="MICROSOF-FBFB62" duration="00:00:02.0676027" startTime="2012-01-25T20:30:14.3750000+02:00" endTime="2012-01-25T20:30:17.5156250+02:00" testType="13cdc9d9-ddb5-4fa4-a97d-d965ccfc6d4b" outcome="Failed" testListId="8c84fa94-04c1-424b-9868-57a2d4851a1d" relativeResultsDirectory="7d01487b-45e0-4d2e-84ce-3eb4ecd4ecf4">
      <Output>
        <ErrorInfo>
          <Message>Ошибка в Assert.AreEqual. Между ожидаемым значением &lt;-1&gt; и фактическим значением &lt;0&gt; требуется разница не более чем &lt;0&gt;. </Message>
          <StackTrace>   в RandomCharsTest.RandomCharsTest.GenerateTest() в C:\Documents and Settings\Admin\мои документы\visual studio 2010\Projects\ConsoleApplication1\RandomCharsTest\RandomCharsTest.cs:строка 92
</StackTrace>
        </ErrorInfo>
      </Output>
    </UnitTestResult>
  </Results>
</TestRun>