<?xml version="1.0" encoding="UTF-8"?>
<TestRun id="808aef99-814a-4298-8817-8b231cbaf4f8" name="Admin@MICROSOF-FBFB62 2012-01-25 20:25:00" runUser="MICROSOF-FBFB62\Admin" xmlns="http://microsoft.com/schemas/VisualStudio/TeamTest/2010">
  <TestSettings name="Локальные" id="1f122128-7965-4302-8e5d-f2e67f80cfd9">
    <Description>Это - параметры по умолчанию для локального тестового запуска.</Description>
    <Deployment enabled="false" runDeploymentRoot="Admin_MICROSOF-FBFB62 2012-01-25 20_25_00">
      <DeploymentItem filename="C:\Documents and Settings\Admin\мои документы\visual studio 2010\Projects\ConsoleApplication1\ConsoleApplication2\bin\Debug\ConsoleApplication2.exe" />
    </Deployment>
    <Execution>
      <TestTypeSpecific />
      <AgentRule name="Execution Agents">
      </AgentRule>
    </Execution>
  </TestSettings>
  <Times creation="2012-01-25T20:25:00.4687500+02:00" queuing="2012-01-25T20:25:02.3750000+02:00" start="2012-01-25T20:25:02.4843750+02:00" finish="2012-01-25T20:25:03.8437500+02:00" />
  <ResultSummary outcome="Completed">
    <Counters total="1" executed="1" passed="1" error="0" failed="0" timeout="0" aborted="0" inconclusive="0" passedButRunAborted="0" notRunnable="0" notExecuted="0" disconnected="0" warning="0" completed="0" inProgress="0" pending="0" />
  </ResultSummary>
  <TestDefinitions>
    <UnitTest name="GenerateTest" storage="c:\documents and settings\admin\мои документы\visual studio 2010\projects\consoleapplication1\randomcharstest\bin\debug\randomcharstest.dll" id="5bc65ee8-992f-0b52-1108-b61d699d6221">
      <Execution id="fa9fff27-71b8-4969-90ac-44782571a53f" />
      <TestMethod codeBase="C:/Documents and Settings/Admin/мои документы/visual studio 2010/Projects/ConsoleApplication1/RandomCharsTest/bin/Debug/RandomCharsTest.DLL" adapterTypeName="Microsoft.VisualStudio.TestTools.TestTypes.Unit.UnitTestAdapter, Microsoft.VisualStudio.QualityTools.Tips.UnitTest.Adapter, Version=10.0.0.0, Culture=neutral, PublicKeyToken=b03f5f7f11d50a3a" className="RandomCharsTest.RandomCharsTest, RandomCharsTest, Version=1.0.0.0, Culture=neutral, PublicKeyToken=null" name="GenerateTest" />
    </UnitTest>
  </TestDefinitions>
  <TestLists>
    <TestList name="Отсутствующие в списке результаты" id="8c84fa94-04c1-424b-9868-57a2d4851a1d" />
    <TestList name="Все загруженные результаты" id="19431567-8539-422a-85d7-44ee4e166bda" />
  </TestLists>
  <TestEntries>
    <TestEntry testId="5bc65ee8-992f-0b52-1108-b61d699d6221" executionId="fa9fff27-71b8-4969-90ac-44782571a53f" testListId="8c84fa94-04c1-424b-9868-57a2d4851a1d" />
  </TestEntries>
  <Results>
    <UnitTestResult executionId="fa9fff27-71b8-4969-90ac-44782571a53f" testId="5bc65ee8-992f-0b52-1108-b61d699d6221" testName="GenerateTest" computerName="MICROSOF-FBFB62" duration="00:00:00.0545168" startTime="2012-01-25T20:25:02.5781250+02:00" endTime="2012-01-25T20:25:03.7500000+02:00" testType="13cdc9d9-ddb5-4fa4-a97d-d965ccfc6d4b" outcome="Passed" testListId="8c84fa94-04c1-424b-9868-57a2d4851a1d" relativeResultsDirectory="fa9fff27-71b8-4969-90ac-44782571a53f">
    </UnitTestResult>
  </Results>
</TestRun>